Baseline
SDN []
NFV []
Host 90
Sink 90
0
SDN []
NFV []
Host 90
Sink 90
0
Arrv Rate:        1.0 | Pkt Dropped        0.0 | Pkt Generated      905.0 | End to end delay      0.0326179155851
SDN []
NFV []
Host 90
Sink 90
0
SDN []
NFV []
Host 90
Sink 90
0
Arrv Rate:        2.0 | Pkt Dropped        0.0 | Pkt Generated     1795.0 | End to end delay      0.0326138606992
Cost 198.0 16800.0
baseline sdn agg
SDN [C1_AGG1, C1_AGG2, C2_AGG1, C2_AGG2, C3_AGG1, C3_AGG2]
NFV []
Host 90
Sink 90
0
SDN [C1_AGG1, C1_AGG2, C2_AGG1, C2_AGG2, C3_AGG1, C3_AGG2]
NFV []
Host 90
Sink 90
0
Arrv Rate:        1.0 | Pkt Dropped        0.0 | Pkt Generated      896.5 | End to end delay      0.0354269249438
SDN [C1_AGG1, C1_AGG2, C2_AGG1, C2_AGG2, C3_AGG1, C3_AGG2]
NFV []
Host 90
Sink 90
0
SDN [C1_AGG1, C1_AGG2, C2_AGG1, C2_AGG2, C3_AGG1, C3_AGG2]
NFV []
Host 90
Sink 90
0
Arrv Rate:        2.0 | Pkt Dropped        0.0 | Pkt Generated     1812.0 | End to end delay      0.0364800977553
Cost 191.0 15800.0
baseline sdn core
SDN [C1_P1, C1_P2, C2_P1, C2_P2, C3_P1, C3_P2]
NFV []
Host 90
Sink 90
0
SDN [C1_P1, C1_P2, C2_P1, C2_P2, C3_P1, C3_P2]
NFV []
Host 90
Sink 90
0
Arrv Rate:        1.0 | Pkt Dropped        0.0 | Pkt Generated      900.5 | End to end delay      0.0314469754521
SDN [C1_P1, C1_P2, C2_P1, C2_P2, C3_P1, C3_P2]
NFV []
Host 90
Sink 90
0
SDN [C1_P1, C1_P2, C2_P1, C2_P2, C3_P1, C3_P2]
NFV []
Host 90
Sink 90
0
Arrv Rate:        2.0 | Pkt Dropped        0.0 | Pkt Generated     1794.5 | End to end delay       0.034535784173
Cost 188.0 15600.0
baseline sdn edge
SDN [C1_PE1, C1_PE2, C1_PE3, C2_PE1, C2_PE2, C2_PE3, C3_PE1, C3_PE2, C3_PE3]
NFV []
Host 90
Sink 90
0
SDN [C1_PE1, C1_PE2, C1_PE3, C2_PE1, C2_PE2, C2_PE3, C3_PE1, C3_PE2, C3_PE3]
NFV []
Host 90
Sink 90
0
Arrv Rate:        1.0 | Pkt Dropped        0.0 | Pkt Generated      897.5 | End to end delay      0.0364656035228
SDN [C1_PE1, C1_PE2, C1_PE3, C2_PE1, C2_PE2, C2_PE3, C3_PE1, C3_PE2, C3_PE3]
NFV []
Host 90
Sink 90
0
SDN [C1_PE1, C1_PE2, C1_PE3, C2_PE1, C2_PE2, C2_PE3, C3_PE1, C3_PE2, C3_PE3]
NFV []
Host 90
Sink 90
0
Arrv Rate:        2.0 | Pkt Dropped        0.0 | Pkt Generated     1774.0 | End to end delay      0.0386289268064
Cost 189.0 15000.0
streamline
SDN []
NFV []
Host 90
Sink 90
0
SDN []
NFV []
Host 90
Sink 90
0
Arrv Rate:        1.0 | Pkt Dropped        0.0 | Pkt Generated      886.0 | End to end delay      0.0303268903335
SDN []
NFV []
Host 90
Sink 90
0
SDN []
NFV []
Host 90
Sink 90
0
Arrv Rate:        2.0 | Pkt Dropped        0.0 | Pkt Generated     1760.0 | End to end delay      0.0320066865516
Cost 160.5 12300.0
streamline sdn core
SDN [C1_P1, C2_P1, C3_P1]
NFV []
Host 90
Sink 90
0
SDN [C1_P1, C2_P1, C3_P1]
NFV []
Host 90
Sink 90
0
Arrv Rate:        1.0 | Pkt Dropped        0.0 | Pkt Generated      856.5 | End to end delay      0.0333083520724
SDN [C1_P1, C2_P1, C3_P1]
NFV []
Host 90
Sink 90
0
SDN [C1_P1, C2_P1, C3_P1]
NFV []
Host 90
Sink 90
0
Arrv Rate:        2.0 | Pkt Dropped        0.0 | Pkt Generated     1797.5 | End to end delay      0.0344626312685
Cost 156.0 11600.0
streamline sdn edge
SDN [C1_PE1, C1_PE2, C1_PE3, C2_PE1, C2_PE2, C2_PE3, C3_PE1, C3_PE2, C3_PE3]
NFV []
Host 90
Sink 90
0
SDN [C1_PE1, C1_PE2, C1_PE3, C2_PE1, C2_PE2, C2_PE3, C3_PE1, C3_PE2, C3_PE3]
NFV []
Host 90
Sink 90
0
Arrv Rate:        1.0 | Pkt Dropped        0.0 | Pkt Generated      870.5 | End to end delay       0.034161564357
SDN [C1_PE1, C1_PE2, C1_PE3, C2_PE1, C2_PE2, C2_PE3, C3_PE1, C3_PE2, C3_PE3]
NFV []
Host 90
Sink 90
0
SDN [C1_PE1, C1_PE2, C1_PE3, C2_PE1, C2_PE2, C2_PE3, C3_PE1, C3_PE2, C3_PE3]
NFV []
Host 90
Sink 90
0
Arrv Rate:        2.0 | Pkt Dropped        0.0 | Pkt Generated     1843.0 | End to end delay      0.0373387535197
Cost 151.5 10500.0
eeipc
SDN []
NFV []
Host 90
Sink 90
0
SDN []
NFV []
Host 90
Sink 90
0
Arrv Rate:        1.0 | Pkt Dropped        0.0 | Pkt Generated      898.5 | End to end delay      0.0197667249129
SDN []
NFV []
Host 90
Sink 90
0
SDN []
NFV []
Host 90
Sink 90
0
Arrv Rate:        2.0 | Pkt Dropped        0.0 | Pkt Generated     1848.0 | End to end delay      0.0205120239394
Cost 151.5 10500.0
eeipc sdn edge
SDN [C1_PE1, C1_PE2, C1_PE3, C2_PE1, C2_PE2, C2_PE3, C3_PE1, C3_PE2, C3_PE3]
NFV []
Host 90
Sink 90
0
SDN [C1_PE1, C1_PE2, C1_PE3, C2_PE1, C2_PE2, C2_PE3, C3_PE1, C3_PE2, C3_PE3]
NFV []
Host 90
Sink 90
0
Arrv Rate:        1.0 | Pkt Dropped        0.0 | Pkt Generated      910.0 | End to end delay      0.0222188724416
SDN [C1_PE1, C1_PE2, C1_PE3, C2_PE1, C2_PE2, C2_PE3, C3_PE1, C3_PE2, C3_PE3]
NFV []
Host 90
Sink 90
0
SDN [C1_PE1, C1_PE2, C1_PE3, C2_PE1, C2_PE2, C2_PE3, C3_PE1, C3_PE2, C3_PE3]
NFV []
Host 90
Sink 90
0
Arrv Rate:        2.0 | Pkt Dropped        0.0 | Pkt Generated     1790.0 | End to end delay      0.0236241283416
Cost 141.0 8600.0
